  test.c
E:\UbuntuShareDocuments\CProject\Project1\test.c(11,5): error C2061: 语法错误: 标识符“LdsInformation”
E:\UbuntuShareDocuments\CProject\Project1\test.c(12,19): error C2061: 语法错误: 标识符“irInformation”
E:\UbuntuShareDocuments\CProject\Project1\test.c(12,19): error C2059: 语法错误:“;”
E:\UbuntuShareDocuments\CProject\Project1\test.c(13,18): error C2061: 语法错误: 标识符“bumperStatus”
E:\UbuntuShareDocuments\CProject\Project1\test.c(13,18): error C2059: 语法错误:“;”
E:\UbuntuShareDocuments\CProject\Project1\test.c(14,20): error C2061: 语法错误: 标识符“gyroData”
E:\UbuntuShareDocuments\CProject\Project1\test.c(14,20): error C2059: 语法错误:“;”
E:\UbuntuShareDocuments\CProject\Project1\test.c(15,34): error C2061: 语法错误: 标识符“diffLinearVelocity”
E:\UbuntuShareDocuments\CProject\Project1\test.c(15,34): error C2059: 语法错误:“;”
E:\UbuntuShareDocuments\CProject\Project1\test.c(16,36): error C2061: 语法错误: 标识符“diffAngularVelocity”
E:\UbuntuShareDocuments\CProject\Project1\test.c(16,36): error C2059: 语法错误:“;”
E:\UbuntuShareDocuments\CProject\Project1\test.c(17,25): error C2061: 语法错误: 标识符“stuckIdentifyStatus”
E:\UbuntuShareDocuments\CProject\Project1\test.c(17,25): error C2059: 语法错误:“;”
E:\UbuntuShareDocuments\CProject\Project1\test.c(18,1): error C2059: 语法错误:“}”
E:\UbuntuShareDocuments\CProject\Project1\test.c(21,5): error C2061: 语法错误: 标识符“uint16_t”
E:\UbuntuShareDocuments\CProject\Project1\test.c(22,14): error C2061: 语法错误: 标识符“backObstacleDistance”
E:\UbuntuShareDocuments\CProject\Project1\test.c(22,14): error C2059: 语法错误:“;”
E:\UbuntuShareDocuments\CProject\Project1\test.c(23,14): error C2061: 语法错误: 标识符“leftObstacleDistance”
E:\UbuntuShareDocuments\CProject\Project1\test.c(23,14): error C2059: 语法错误:“;”
E:\UbuntuShareDocuments\CProject\Project1\test.c(24,14): error C2061: 语法错误: 标识符“rightObstacleDistance”
E:\UbuntuShareDocuments\CProject\Project1\test.c(24,14): error C2059: 语法错误:“;”
E:\UbuntuShareDocuments\CProject\Project1\test.c(25,14): error C2061: 语法错误: 标识符“frontLeftObstacleDistance”
E:\UbuntuShareDocuments\CProject\Project1\test.c(25,14): error C2059: 语法错误:“;”
E:\UbuntuShareDocuments\CProject\Project1\test.c(26,14): error C2061: 语法错误: 标识符“frontRightObstacleDistance”
E:\UbuntuShareDocuments\CProject\Project1\test.c(26,14): error C2059: 语法错误:“;”
E:\UbuntuShareDocuments\CProject\Project1\test.c(27,14): error C2061: 语法错误: 标识符“backLeftObstacleDistance”
E:\UbuntuShareDocuments\CProject\Project1\test.c(27,14): error C2059: 语法错误:“;”
E:\UbuntuShareDocuments\CProject\Project1\test.c(28,14): error C2061: 语法错误: 标识符“backRightObstacleDistace”
E:\UbuntuShareDocuments\CProject\Project1\test.c(28,14): error C2059: 语法错误:“;”
E:\UbuntuShareDocuments\CProject\Project1\test.c(29,1): error C2059: 语法错误:“}”
E:\UbuntuShareDocuments\CProject\Project1\test.c(32,5): error C2061: 语法错误: 标识符“uint16_t”
E:\UbuntuShareDocuments\CProject\Project1\test.c(33,14): error C2061: 语法错误: 标识符“rightIrData”
E:\UbuntuShareDocuments\CProject\Project1\test.c(33,14): error C2059: 语法错误:“;”
E:\UbuntuShareDocuments\CProject\Project1\test.c(34,14): error C2061: 语法错误: 标识符“frontLeftIrData”
E:\UbuntuShareDocuments\CProject\Project1\test.c(34,14): error C2059: 语法错误:“;”
E:\UbuntuShareDocuments\CProject\Project1\test.c(35,14): error C2061: 语法错误: 标识符“frontRightIrData”
E:\UbuntuShareDocuments\CProject\Project1\test.c(35,14): error C2059: 语法错误:“;”
E:\UbuntuShareDocuments\CProject\Project1\test.c(36,14): error C2061: 语法错误: 标识符“backLeftIrData”
E:\UbuntuShareDocuments\CProject\Project1\test.c(36,14): error C2059: 语法错误:“;”
E:\UbuntuShareDocuments\CProject\Project1\test.c(37,14): error C2061: 语法错误: 标识符“backRightIrData”
E:\UbuntuShareDocuments\CProject\Project1\test.c(37,14): error C2059: 语法错误:“;”
E:\UbuntuShareDocuments\CProject\Project1\test.c(38,1): error C2059: 语法错误:“}”
E:\UbuntuShareDocuments\CProject\Project1\test.c(41,5): error C2061: 语法错误: 标识符“bool”
E:\UbuntuShareDocuments\CProject\Project1\test.c(42,10): error C2061: 语法错误: 标识符“rightBumper”
E:\UbuntuShareDocuments\CProject\Project1\test.c(42,10): error C2059: 语法错误:“;”
E:\UbuntuShareDocuments\CProject\Project1\test.c(43,10): error C2061: 语法错误: 标识符“ldsBumper”
E:\UbuntuShareDocuments\CProject\Project1\test.c(43,10): error C2059: 语法错误:“;”
E:\UbuntuShareDocuments\CProject\Project1\test.c(44,1): error C2059: 语法错误:“}”
E:\UbuntuShareDocuments\CProject\Project1\test.c(47,5): error C2061: 语法错误: 标识符“int16_t”
E:\UbuntuShareDocuments\CProject\Project1\test.c(48,13): error C2061: 语法错误: 标识符“Roll”
E:\UbuntuShareDocuments\CProject\Project1\test.c(48,13): error C2059: 语法错误:“;”
E:\UbuntuShareDocuments\CProject\Project1\test.c(49,13): error C2061: 语法错误: 标识符“Yaw”
E:\UbuntuShareDocuments\CProject\Project1\test.c(49,13): error C2059: 语法错误:“;”
E:\UbuntuShareDocuments\CProject\Project1\test.c(50,1): error C2059: 语法错误:“}”
E:\UbuntuShareDocuments\CProject\Project1\test.c(53,5): error C2061: 语法错误: 标识符“int16_t”
E:\UbuntuShareDocuments\CProject\Project1\test.c(54,1): error C2059: 语法错误:“}”
E:\UbuntuShareDocuments\CProject\Project1\test.c(57,5): error C2061: 语法错误: 标识符“int16_t”
E:\UbuntuShareDocuments\CProject\Project1\test.c(58,1): error C2059: 语法错误:“}”
E:\UbuntuShareDocuments\CProject\Project1\test.c(61,5): error C2061: 语法错误: 标识符“bool”
E:\UbuntuShareDocuments\CProject\Project1\test.c(62,10): error C2061: 语法错误: 标识符“irOutputStuck”
E:\UbuntuShareDocuments\CProject\Project1\test.c(62,10): error C2059: 语法错误:“;”
E:\UbuntuShareDocuments\CProject\Project1\test.c(63,10): error C2061: 语法错误: 标识符“bumperOutputStuck”
E:\UbuntuShareDocuments\CProject\Project1\test.c(63,10): error C2059: 语法错误:“;”
E:\UbuntuShareDocuments\CProject\Project1\test.c(64,10): error C2061: 语法错误: 标识符“gyroOutputStuck”
E:\UbuntuShareDocuments\CProject\Project1\test.c(64,10): error C2059: 语法错误:“;”
E:\UbuntuShareDocuments\CProject\Project1\test.c(65,10): error C2061: 语法错误: 标识符“diffLinearOutputStuck”
E:\UbuntuShareDocuments\CProject\Project1\test.c(65,10): error C2059: 语法错误:“;”
E:\UbuntuShareDocuments\CProject\Project1\test.c(66,10): error C2061: 语法错误: 标识符“diffAngularOutputStuck”
E:\UbuntuShareDocuments\CProject\Project1\test.c(66,10): error C2059: 语法错误:“;”
E:\UbuntuShareDocuments\CProject\Project1\test.c(67,1): error C2059: 语法错误:“}”
E:\UbuntuShareDocuments\CProject\Project1\test.c(69,49): error C2146: 语法错误: 缺少“)”(在标识符“input_stuck_identify_volume”的前面)
E:\UbuntuShareDocuments\CProject\Project1\test.c(69,49): error C2061: 语法错误: 标识符“input_stuck_identify_volume”
E:\UbuntuShareDocuments\CProject\Project1\test.c(69,49): error C2059: 语法错误:“;”
E:\UbuntuShareDocuments\CProject\Project1\test.c(69,76): error C2059: 语法错误:“)”
E:\UbuntuShareDocuments\CProject\Project1\test.c(70,1): error C2449: 在文件范围内找到“{”(是否缺少函数头?)
E:\UbuntuShareDocuments\CProject\Project1\test.c(76,1): error C2059: 语法错误:“}”
